ARM GAS  /tmp/ccxUELee.s 			page 1


   1              		.cpu cortex-m3
   2              		.eabi_attribute 20, 1
   3              		.eabi_attribute 21, 1
   4              		.eabi_attribute 23, 3
   5              		.eabi_attribute 24, 1
   6              		.eabi_attribute 25, 1
   7              		.eabi_attribute 26, 1
   8              		.eabi_attribute 30, 1
   9              		.eabi_attribute 34, 1
  10              		.eabi_attribute 18, 4
  11              		.file	"main.c"
  12              		.text
  13              	.Ltext0:
  14              		.cfi_sections	.debug_frame
  15              		.section	.text.MX_GPIO_Init,"ax",%progbits
  16              		.align	1
  17              		.syntax unified
  18              		.thumb
  19              		.thumb_func
  20              		.fpu softvfp
  22              	MX_GPIO_Init:
  23              	.LFB66:
  24              		.file 1 "Src/main.c"
   1:Src/main.c    **** /**
   2:Src/main.c    ****   ******************************************************************************
   3:Src/main.c    ****   * File Name          : main.c
   4:Src/main.c    ****   * Description        : Main program body
   5:Src/main.c    ****   ******************************************************************************
   6:Src/main.c    ****   * This notice applies to any and all portions of this file
   7:Src/main.c    ****   * that are not between comment pairs USER CODE BEGIN and
   8:Src/main.c    ****   * USER CODE END. Other portions of this file, whether 
   9:Src/main.c    ****   * inserted by the user or by software development tools
  10:Src/main.c    ****   * are owned by their respective copyright owners.
  11:Src/main.c    ****   *
  12:Src/main.c    ****   * Copyright (c) 2017 STMicroelectronics International N.V. 
  13:Src/main.c    ****   * All rights reserved.
  14:Src/main.c    ****   *
  15:Src/main.c    ****   * Redistribution and use in source and binary forms, with or without 
  16:Src/main.c    ****   * modification, are permitted, provided that the following conditions are met:
  17:Src/main.c    ****   *
  18:Src/main.c    ****   * 1. Redistribution of source code must retain the above copyright notice, 
  19:Src/main.c    ****   *    this list of conditions and the following disclaimer.
  20:Src/main.c    ****   * 2. Redistributions in binary form must reproduce the above copyright notice,
  21:Src/main.c    ****   *    this list of conditions and the following disclaimer in the documentation
  22:Src/main.c    ****   *    and/or other materials provided with the distribution.
  23:Src/main.c    ****   * 3. Neither the name of STMicroelectronics nor the names of other 
  24:Src/main.c    ****   *    contributors to this software may be used to endorse or promote products 
  25:Src/main.c    ****   *    derived from this software without specific written permission.
  26:Src/main.c    ****   * 4. This software, including modifications and/or derivative works of this 
  27:Src/main.c    ****   *    software, must execute solely and exclusively on microcontroller or
  28:Src/main.c    ****   *    microprocessor devices manufactured by or for STMicroelectronics.
  29:Src/main.c    ****   * 5. Redistribution and use of this software other than as permitted under 
  30:Src/main.c    ****   *    this license is void and will automatically terminate your rights under 
  31:Src/main.c    ****   *    this license. 
  32:Src/main.c    ****   *
  33:Src/main.c    ****   * THIS SOFTWARE IS PROVIDED BY STMICROELECTRONICS AND CONTRIBUTORS "AS IS" 
  34:Src/main.c    ****   * AND ANY EXPRESS, IMPLIED OR STATUTORY WARRANTIES, INCLUDING, BUT NOT 
ARM GAS  /tmp/ccxUELee.s 			page 2


  35:Src/main.c    ****   * LIMITED TO, THE IMPLIED WARRANTIES OF MERCHANTABILITY, FITNESS FOR A 
  36:Src/main.c    ****   * PARTICULAR PURPOSE AND NON-INFRINGEMENT OF THIRD PARTY INTELLECTUAL PROPERTY
  37:Src/main.c    ****   * RIGHTS ARE DISCLAIMED TO THE FULLEST EXTENT PERMITTED BY LAW. IN NO EVENT 
  38:Src/main.c    ****   * SHALL STMICROELECTRONICS OR CONTRIBUTORS BE LIABLE FOR ANY DIRECT, INDIRECT,
  39:Src/main.c    ****   * INCIDENTAL, SPECIAL, EXEMPLARY, OR CONSEQUENTIAL DAMAGES (INCLUDING, BUT NOT
  40:Src/main.c    ****   * LIMITED TO, PROCUREMENT OF SUBSTITUTE GOODS OR SERVICES; LOSS OF USE, DATA, 
  41:Src/main.c    ****   * OR PROFITS; OR BUSINESS INTERRUPTION) HOWEVER CAUSED AND ON ANY THEORY OF 
  42:Src/main.c    ****   * LIABILITY, WHETHER IN CONTRACT, STRICT LIABILITY, OR TORT (INCLUDING 
  43:Src/main.c    ****   * NEGLIGENCE OR OTHERWISE) ARISING IN ANY WAY OUT OF THE USE OF THIS SOFTWARE,
  44:Src/main.c    ****   * EVEN IF ADVISED OF THE POSSIBILITY OF SUCH DAMAGE.
  45:Src/main.c    ****   *
  46:Src/main.c    ****   ******************************************************************************
  47:Src/main.c    ****   */
  48:Src/main.c    **** 
  49:Src/main.c    **** /* Includes ------------------------------------------------------------------*/
  50:Src/main.c    **** #include "main.h"
  51:Src/main.c    **** #include "stm32f1xx_hal.h"
  52:Src/main.c    **** #include "usb_device.h"
  53:Src/main.c    **** 
  54:Src/main.c    **** /* USER CODE BEGIN Includes */
  55:Src/main.c    **** 
  56:Src/main.c    **** /* USER CODE END Includes */
  57:Src/main.c    **** 
  58:Src/main.c    **** /* Private variables ---------------------------------------------------------*/
  59:Src/main.c    **** 
  60:Src/main.c    **** /* USER CODE BEGIN PV */
  61:Src/main.c    **** /* Private variables ---------------------------------------------------------*/
  62:Src/main.c    **** 
  63:Src/main.c    **** /* USER CODE END PV */
  64:Src/main.c    **** 
  65:Src/main.c    **** /* Private function prototypes -----------------------------------------------*/
  66:Src/main.c    **** void SystemClock_Config(void);
  67:Src/main.c    **** static void MX_GPIO_Init(void);
  68:Src/main.c    **** 
  69:Src/main.c    **** /* USER CODE BEGIN PFP */
  70:Src/main.c    **** /* Private function prototypes -----------------------------------------------*/
  71:Src/main.c    **** 
  72:Src/main.c    **** /* USER CODE END PFP */
  73:Src/main.c    **** 
  74:Src/main.c    **** /* USER CODE BEGIN 0 */
  75:Src/main.c    **** 
  76:Src/main.c    **** /* USER CODE END 0 */
  77:Src/main.c    **** 
  78:Src/main.c    **** int main(void)
  79:Src/main.c    **** {
  80:Src/main.c    **** 
  81:Src/main.c    ****   /* USER CODE BEGIN 1 */
  82:Src/main.c    **** 
  83:Src/main.c    ****   /* USER CODE END 1 */
  84:Src/main.c    **** 
  85:Src/main.c    ****   /* MCU Configuration----------------------------------------------------------*/
  86:Src/main.c    **** 
  87:Src/main.c    ****   /* Reset of all peripherals, Initializes the Flash interface and the Systick. */
  88:Src/main.c    ****   HAL_Init();
  89:Src/main.c    **** 
  90:Src/main.c    ****   /* USER CODE BEGIN Init */
  91:Src/main.c    **** 
ARM GAS  /tmp/ccxUELee.s 			page 3


  92:Src/main.c    ****   /* USER CODE END Init */
  93:Src/main.c    **** 
  94:Src/main.c    ****   /* Configure the system clock */
  95:Src/main.c    ****   SystemClock_Config();
  96:Src/main.c    **** 
  97:Src/main.c    ****   /* USER CODE BEGIN SysInit */
  98:Src/main.c    **** 
  99:Src/main.c    ****   /* USER CODE END SysInit */
 100:Src/main.c    **** 
 101:Src/main.c    ****   /* Initialize all configured peripherals */
 102:Src/main.c    ****   MX_GPIO_Init();
 103:Src/main.c    ****   MX_USB_DEVICE_Init();
 104:Src/main.c    **** 
 105:Src/main.c    ****   /* USER CODE BEGIN 2 */
 106:Src/main.c    **** 
 107:Src/main.c    ****   /* USER CODE END 2 */
 108:Src/main.c    **** 
 109:Src/main.c    ****   /* Infinite loop */
 110:Src/main.c    ****   /* USER CODE BEGIN WHILE */
 111:Src/main.c    ****   while (1)
 112:Src/main.c    ****   {
 113:Src/main.c    ****   /* USER CODE END WHILE */
 114:Src/main.c    **** 
 115:Src/main.c    ****   /* USER CODE BEGIN 3 */
 116:Src/main.c    **** 
 117:Src/main.c    ****   }
 118:Src/main.c    ****   /* USER CODE END 3 */
 119:Src/main.c    **** 
 120:Src/main.c    **** }
 121:Src/main.c    **** 
 122:Src/main.c    **** /** System Clock Configuration
 123:Src/main.c    **** */
 124:Src/main.c    **** void SystemClock_Config(void)
 125:Src/main.c    **** {
 126:Src/main.c    **** 
 127:Src/main.c    ****   RCC_OscInitTypeDef RCC_OscInitStruct;
 128:Src/main.c    ****   RCC_ClkInitTypeDef RCC_ClkInitStruct;
 129:Src/main.c    ****   RCC_PeriphCLKInitTypeDef PeriphClkInit;
 130:Src/main.c    **** 
 131:Src/main.c    ****     /**Initializes the CPU, AHB and APB busses clocks 
 132:Src/main.c    ****     */
 133:Src/main.c    ****   RCC_OscInitStruct.OscillatorType = RCC_OSCILLATORTYPE_HSE;
 134:Src/main.c    ****   RCC_OscInitStruct.HSEState = RCC_HSE_ON;
 135:Src/main.c    ****   RCC_OscInitStruct.HSEPredivValue = RCC_HSE_PREDIV_DIV1;
 136:Src/main.c    ****   RCC_OscInitStruct.HSIState = RCC_HSI_ON;
 137:Src/main.c    ****   RCC_OscInitStruct.PLL.PLLState = RCC_PLL_ON;
 138:Src/main.c    ****   RCC_OscInitStruct.PLL.PLLSource = RCC_PLLSOURCE_HSE;
 139:Src/main.c    ****   RCC_OscInitStruct.PLL.PLLMUL = RCC_PLL_MUL6;
 140:Src/main.c    ****   if (HAL_RCC_OscConfig(&RCC_OscInitStruct) != HAL_OK)
 141:Src/main.c    ****   {
 142:Src/main.c    ****     _Error_Handler(__FILE__, __LINE__);
 143:Src/main.c    ****   }
 144:Src/main.c    **** 
 145:Src/main.c    ****     /**Initializes the CPU, AHB and APB busses clocks 
 146:Src/main.c    ****     */
 147:Src/main.c    ****   RCC_ClkInitStruct.ClockType = RCC_CLOCKTYPE_HCLK|RCC_CLOCKTYPE_SYSCLK
 148:Src/main.c    ****                               |RCC_CLOCKTYPE_PCLK1|RCC_CLOCKTYPE_PCLK2;
ARM GAS  /tmp/ccxUELee.s 			page 4


 149:Src/main.c    ****   RCC_ClkInitStruct.SYSCLKSource = RCC_SYSCLKSOURCE_PLLCLK;
 150:Src/main.c    ****   RCC_ClkInitStruct.AHBCLKDivider = RCC_SYSCLK_DIV1;
 151:Src/main.c    ****   RCC_ClkInitStruct.APB1CLKDivider = RCC_HCLK_DIV2;
 152:Src/main.c    ****   RCC_ClkInitStruct.APB2CLKDivider = RCC_HCLK_DIV1;
 153:Src/main.c    **** 
 154:Src/main.c    ****   if (HAL_RCC_ClockConfig(&RCC_ClkInitStruct, FLASH_LATENCY_1) != HAL_OK)
 155:Src/main.c    ****   {
 156:Src/main.c    ****     _Error_Handler(__FILE__, __LINE__);
 157:Src/main.c    ****   }
 158:Src/main.c    **** 
 159:Src/main.c    ****   PeriphClkInit.PeriphClockSelection = RCC_PERIPHCLK_USB;
 160:Src/main.c    ****   PeriphClkInit.UsbClockSelection = RCC_USBCLKSOURCE_PLL;
 161:Src/main.c    ****   if (HAL_RCCEx_PeriphCLKConfig(&PeriphClkInit) != HAL_OK)
 162:Src/main.c    ****   {
 163:Src/main.c    ****     _Error_Handler(__FILE__, __LINE__);
 164:Src/main.c    ****   }
 165:Src/main.c    **** 
 166:Src/main.c    ****     /**Configure the Systick interrupt time 
 167:Src/main.c    ****     */
 168:Src/main.c    ****   HAL_SYSTICK_Config(HAL_RCC_GetHCLKFreq()/1000);
 169:Src/main.c    **** 
 170:Src/main.c    ****     /**Configure the Systick 
 171:Src/main.c    ****     */
 172:Src/main.c    ****   HAL_SYSTICK_CLKSourceConfig(SYSTICK_CLKSOURCE_HCLK);
 173:Src/main.c    **** 
 174:Src/main.c    ****   /* SysTick_IRQn interrupt configuration */
 175:Src/main.c    ****   HAL_NVIC_SetPriority(SysTick_IRQn, 0, 0);
 176:Src/main.c    **** }
 177:Src/main.c    **** 
 178:Src/main.c    **** /** Configure pins as 
 179:Src/main.c    ****         * Analog 
 180:Src/main.c    ****         * Input 
 181:Src/main.c    ****         * Output
 182:Src/main.c    ****         * EVENT_OUT
 183:Src/main.c    ****         * EXTI
 184:Src/main.c    **** */
 185:Src/main.c    **** static void MX_GPIO_Init(void)
 186:Src/main.c    **** {
  25              		.loc 1 186 0
  26              		.cfi_startproc
  27              		@ args = 0, pretend = 0, frame = 32
  28              		@ frame_needed = 0, uses_anonymous_args = 0
  29 0000 10B5     		push	{r4, lr}
  30              	.LCFI0:
  31              		.cfi_def_cfa_offset 8
  32              		.cfi_offset 4, -8
  33              		.cfi_offset 14, -4
  34 0002 88B0     		sub	sp, sp, #32
  35              	.LCFI1:
  36              		.cfi_def_cfa_offset 40
  37              	.LBB2:
 187:Src/main.c    **** 
 188:Src/main.c    ****   GPIO_InitTypeDef GPIO_InitStruct;
 189:Src/main.c    **** 
 190:Src/main.c    ****   /* GPIO Ports Clock Enable */
 191:Src/main.c    ****   __HAL_RCC_GPIOC_CLK_ENABLE();
  38              		.loc 1 191 0
ARM GAS  /tmp/ccxUELee.s 			page 5


  39 0004 174B     		ldr	r3, .L3
  40 0006 9A69     		ldr	r2, [r3, #24]
  41 0008 42F01002 		orr	r2, r2, #16
  42 000c 9A61     		str	r2, [r3, #24]
  43 000e 9A69     		ldr	r2, [r3, #24]
  44 0010 02F01002 		and	r2, r2, #16
  45 0014 0192     		str	r2, [sp, #4]
  46 0016 019A     		ldr	r2, [sp, #4]
  47              	.LBE2:
  48              	.LBB3:
 192:Src/main.c    ****   __HAL_RCC_GPIOD_CLK_ENABLE();
  49              		.loc 1 192 0
  50 0018 9A69     		ldr	r2, [r3, #24]
  51 001a 42F02002 		orr	r2, r2, #32
  52 001e 9A61     		str	r2, [r3, #24]
  53 0020 9A69     		ldr	r2, [r3, #24]
  54 0022 02F02002 		and	r2, r2, #32
  55 0026 0292     		str	r2, [sp, #8]
  56 0028 029A     		ldr	r2, [sp, #8]
  57              	.LBE3:
  58              	.LBB4:
 193:Src/main.c    ****   __HAL_RCC_GPIOA_CLK_ENABLE();
  59              		.loc 1 193 0
  60 002a 9A69     		ldr	r2, [r3, #24]
  61 002c 42F00402 		orr	r2, r2, #4
  62 0030 9A61     		str	r2, [r3, #24]
  63 0032 9B69     		ldr	r3, [r3, #24]
  64 0034 03F00403 		and	r3, r3, #4
  65 0038 0393     		str	r3, [sp, #12]
  66 003a 039B     		ldr	r3, [sp, #12]
  67              	.LBE4:
 194:Src/main.c    **** 
 195:Src/main.c    ****   /*Configure GPIO pin Output Level */
 196:Src/main.c    ****   HAL_GPIO_WritePin(GPIOC, GPIO_PIN_13, GPIO_PIN_SET);
  68              		.loc 1 196 0
  69 003c 0A4C     		ldr	r4, .L3+4
  70 003e 0122     		movs	r2, #1
  71 0040 4FF40051 		mov	r1, #8192
  72 0044 2046     		mov	r0, r4
  73 0046 FFF7FEFF 		bl	HAL_GPIO_WritePin
  74              	.LVL0:
 197:Src/main.c    **** 
 198:Src/main.c    ****   /*Configure GPIO pin : PC13 */
 199:Src/main.c    ****   GPIO_InitStruct.Pin = GPIO_PIN_13;
  75              		.loc 1 199 0
  76 004a 4FF40053 		mov	r3, #8192
  77 004e 0493     		str	r3, [sp, #16]
 200:Src/main.c    ****   GPIO_InitStruct.Mode = GPIO_MODE_OUTPUT_PP;
  78              		.loc 1 200 0
  79 0050 0123     		movs	r3, #1
  80 0052 0593     		str	r3, [sp, #20]
 201:Src/main.c    ****   GPIO_InitStruct.Speed = GPIO_SPEED_FREQ_LOW;
  81              		.loc 1 201 0
  82 0054 0223     		movs	r3, #2
  83 0056 0793     		str	r3, [sp, #28]
 202:Src/main.c    ****   HAL_GPIO_Init(GPIOC, &GPIO_InitStruct);
  84              		.loc 1 202 0
ARM GAS  /tmp/ccxUELee.s 			page 6


  85 0058 04A9     		add	r1, sp, #16
  86 005a 2046     		mov	r0, r4
  87 005c FFF7FEFF 		bl	HAL_GPIO_Init
  88              	.LVL1:
 203:Src/main.c    **** 
 204:Src/main.c    **** }
  89              		.loc 1 204 0
  90 0060 08B0     		add	sp, sp, #32
  91              	.LCFI2:
  92              		.cfi_def_cfa_offset 8
  93              		@ sp needed
  94 0062 10BD     		pop	{r4, pc}
  95              	.L4:
  96              		.align	2
  97              	.L3:
  98 0064 00100240 		.word	1073876992
  99 0068 00100140 		.word	1073811456
 100              		.cfi_endproc
 101              	.LFE66:
 103              		.section	.text._Error_Handler,"ax",%progbits
 104              		.align	1
 105              		.global	_Error_Handler
 106              		.syntax unified
 107              		.thumb
 108              		.thumb_func
 109              		.fpu softvfp
 111              	_Error_Handler:
 112              	.LFB67:
 205:Src/main.c    **** 
 206:Src/main.c    **** /* USER CODE BEGIN 4 */
 207:Src/main.c    **** 
 208:Src/main.c    **** /* USER CODE END 4 */
 209:Src/main.c    **** 
 210:Src/main.c    **** /**
 211:Src/main.c    ****   * @brief  This function is executed in case of error occurrence.
 212:Src/main.c    ****   * @param  None
 213:Src/main.c    ****   * @retval None
 214:Src/main.c    ****   */
 215:Src/main.c    **** void _Error_Handler(char * file, int line)
 216:Src/main.c    **** {
 113              		.loc 1 216 0
 114              		.cfi_startproc
 115              		@ Volatile: function does not return.
 116              		@ args = 0, pretend = 0, frame = 0
 117              		@ frame_needed = 0, uses_anonymous_args = 0
 118              		@ link register save eliminated.
 119              	.LVL2:
 120              	.L6:
 121 0000 FEE7     		b	.L6
 122              		.cfi_endproc
 123              	.LFE67:
 125              		.section	.text.SystemClock_Config,"ax",%progbits
 126              		.align	1
 127              		.global	SystemClock_Config
 128              		.syntax unified
 129              		.thumb
 130              		.thumb_func
ARM GAS  /tmp/ccxUELee.s 			page 7


 131              		.fpu softvfp
 133              	SystemClock_Config:
 134              	.LFB65:
 125:Src/main.c    **** 
 135              		.loc 1 125 0
 136              		.cfi_startproc
 137              		@ args = 0, pretend = 0, frame = 80
 138              		@ frame_needed = 0, uses_anonymous_args = 0
 125:Src/main.c    **** 
 139              		.loc 1 125 0
 140 0000 00B5     		push	{lr}
 141              	.LCFI3:
 142              		.cfi_def_cfa_offset 4
 143              		.cfi_offset 14, -4
 144 0002 95B0     		sub	sp, sp, #84
 145              	.LCFI4:
 146              		.cfi_def_cfa_offset 88
 133:Src/main.c    ****   RCC_OscInitStruct.HSEState = RCC_HSE_ON;
 147              		.loc 1 133 0
 148 0004 0122     		movs	r2, #1
 149 0006 0A92     		str	r2, [sp, #40]
 134:Src/main.c    ****   RCC_OscInitStruct.HSEPredivValue = RCC_HSE_PREDIV_DIV1;
 150              		.loc 1 134 0
 151 0008 4FF48033 		mov	r3, #65536
 152 000c 0B93     		str	r3, [sp, #44]
 135:Src/main.c    ****   RCC_OscInitStruct.HSIState = RCC_HSI_ON;
 153              		.loc 1 135 0
 154 000e 0021     		movs	r1, #0
 155 0010 0C91     		str	r1, [sp, #48]
 136:Src/main.c    ****   RCC_OscInitStruct.PLL.PLLState = RCC_PLL_ON;
 156              		.loc 1 136 0
 157 0012 0E92     		str	r2, [sp, #56]
 137:Src/main.c    ****   RCC_OscInitStruct.PLL.PLLSource = RCC_PLLSOURCE_HSE;
 158              		.loc 1 137 0
 159 0014 0222     		movs	r2, #2
 160 0016 1192     		str	r2, [sp, #68]
 138:Src/main.c    ****   RCC_OscInitStruct.PLL.PLLMUL = RCC_PLL_MUL6;
 161              		.loc 1 138 0
 162 0018 1293     		str	r3, [sp, #72]
 139:Src/main.c    ****   if (HAL_RCC_OscConfig(&RCC_OscInitStruct) != HAL_OK)
 163              		.loc 1 139 0
 164 001a 4FF48013 		mov	r3, #1048576
 165 001e 1393     		str	r3, [sp, #76]
 140:Src/main.c    ****   {
 166              		.loc 1 140 0
 167 0020 0AA8     		add	r0, sp, #40
 168 0022 FFF7FEFF 		bl	HAL_RCC_OscConfig
 169              	.LVL3:
 170 0026 58BB     		cbnz	r0, .L12
 147:Src/main.c    ****                               |RCC_CLOCKTYPE_PCLK1|RCC_CLOCKTYPE_PCLK2;
 171              		.loc 1 147 0
 172 0028 0F23     		movs	r3, #15
 173 002a 0593     		str	r3, [sp, #20]
 149:Src/main.c    ****   RCC_ClkInitStruct.AHBCLKDivider = RCC_SYSCLK_DIV1;
 174              		.loc 1 149 0
 175 002c 0223     		movs	r3, #2
 176 002e 0693     		str	r3, [sp, #24]
ARM GAS  /tmp/ccxUELee.s 			page 8


 150:Src/main.c    ****   RCC_ClkInitStruct.APB1CLKDivider = RCC_HCLK_DIV2;
 177              		.loc 1 150 0
 178 0030 0023     		movs	r3, #0
 179 0032 0793     		str	r3, [sp, #28]
 151:Src/main.c    ****   RCC_ClkInitStruct.APB2CLKDivider = RCC_HCLK_DIV1;
 180              		.loc 1 151 0
 181 0034 4FF48062 		mov	r2, #1024
 182 0038 0892     		str	r2, [sp, #32]
 152:Src/main.c    **** 
 183              		.loc 1 152 0
 184 003a 0993     		str	r3, [sp, #36]
 154:Src/main.c    ****   {
 185              		.loc 1 154 0
 186 003c 0121     		movs	r1, #1
 187 003e 05A8     		add	r0, sp, #20
 188 0040 FFF7FEFF 		bl	HAL_RCC_ClockConfig
 189              	.LVL4:
 190 0044 00BB     		cbnz	r0, .L13
 159:Src/main.c    ****   PeriphClkInit.UsbClockSelection = RCC_USBCLKSOURCE_PLL;
 191              		.loc 1 159 0
 192 0046 1023     		movs	r3, #16
 193 0048 0193     		str	r3, [sp, #4]
 160:Src/main.c    ****   if (HAL_RCCEx_PeriphCLKConfig(&PeriphClkInit) != HAL_OK)
 194              		.loc 1 160 0
 195 004a 4FF48003 		mov	r3, #4194304
 196 004e 0493     		str	r3, [sp, #16]
 161:Src/main.c    ****   {
 197              		.loc 1 161 0
 198 0050 01A8     		add	r0, sp, #4
 199 0052 FFF7FEFF 		bl	HAL_RCCEx_PeriphCLKConfig
 200              	.LVL5:
 201 0056 D8B9     		cbnz	r0, .L14
 168:Src/main.c    **** 
 202              		.loc 1 168 0
 203 0058 FFF7FEFF 		bl	HAL_RCC_GetHCLKFreq
 204              	.LVL6:
 205 005c 0E4B     		ldr	r3, .L15
 206 005e A3FB0030 		umull	r3, r0, r3, r0
 207 0062 8009     		lsrs	r0, r0, #6
 208 0064 FFF7FEFF 		bl	HAL_SYSTICK_Config
 209              	.LVL7:
 172:Src/main.c    **** 
 210              		.loc 1 172 0
 211 0068 0420     		movs	r0, #4
 212 006a FFF7FEFF 		bl	HAL_SYSTICK_CLKSourceConfig
 213              	.LVL8:
 175:Src/main.c    **** }
 214              		.loc 1 175 0
 215 006e 0022     		movs	r2, #0
 216 0070 1146     		mov	r1, r2
 217 0072 4FF0FF30 		mov	r0, #-1
 218 0076 FFF7FEFF 		bl	HAL_NVIC_SetPriority
 219              	.LVL9:
 176:Src/main.c    **** 
 220              		.loc 1 176 0
 221 007a 15B0     		add	sp, sp, #84
 222              	.LCFI5:
ARM GAS  /tmp/ccxUELee.s 			page 9


 223              		.cfi_remember_state
 224              		.cfi_def_cfa_offset 4
 225              		@ sp needed
 226 007c 5DF804FB 		ldr	pc, [sp], #4
 227              	.L12:
 228              	.LCFI6:
 229              		.cfi_restore_state
 142:Src/main.c    ****   }
 230              		.loc 1 142 0
 231 0080 8E21     		movs	r1, #142
 232 0082 0648     		ldr	r0, .L15+4
 233 0084 FFF7FEFF 		bl	_Error_Handler
 234              	.LVL10:
 235              	.L13:
 156:Src/main.c    ****   }
 236              		.loc 1 156 0
 237 0088 9C21     		movs	r1, #156
 238 008a 0448     		ldr	r0, .L15+4
 239 008c FFF7FEFF 		bl	_Error_Handler
 240              	.LVL11:
 241              	.L14:
 163:Src/main.c    ****   }
 242              		.loc 1 163 0
 243 0090 A321     		movs	r1, #163
 244 0092 0248     		ldr	r0, .L15+4
 245 0094 FFF7FEFF 		bl	_Error_Handler
 246              	.LVL12:
 247              	.L16:
 248              		.align	2
 249              	.L15:
 250 0098 D34D6210 		.word	274877907
 251 009c 00000000 		.word	.LC0
 252              		.cfi_endproc
 253              	.LFE65:
 255              		.section	.text.main,"ax",%progbits
 256              		.align	1
 257              		.global	main
 258              		.syntax unified
 259              		.thumb
 260              		.thumb_func
 261              		.fpu softvfp
 263              	main:
 264              	.LFB64:
  79:Src/main.c    **** 
 265              		.loc 1 79 0
 266              		.cfi_startproc
 267              		@ Volatile: function does not return.
 268              		@ args = 0, pretend = 0, frame = 0
 269              		@ frame_needed = 0, uses_anonymous_args = 0
 270 0000 08B5     		push	{r3, lr}
 271              	.LCFI7:
 272              		.cfi_def_cfa_offset 8
 273              		.cfi_offset 3, -8
 274              		.cfi_offset 14, -4
  88:Src/main.c    **** 
 275              		.loc 1 88 0
 276 0002 FFF7FEFF 		bl	HAL_Init
ARM GAS  /tmp/ccxUELee.s 			page 10


 277              	.LVL13:
  95:Src/main.c    **** 
 278              		.loc 1 95 0
 279 0006 FFF7FEFF 		bl	SystemClock_Config
 280              	.LVL14:
 102:Src/main.c    ****   MX_USB_DEVICE_Init();
 281              		.loc 1 102 0
 282 000a FFF7FEFF 		bl	MX_GPIO_Init
 283              	.LVL15:
 103:Src/main.c    **** 
 284              		.loc 1 103 0
 285 000e FFF7FEFF 		bl	MX_USB_DEVICE_Init
 286              	.LVL16:
 287              	.L18:
 288 0012 FEE7     		b	.L18
 289              		.cfi_endproc
 290              	.LFE64:
 292              		.section	.rodata.SystemClock_Config.str1.4,"aMS",%progbits,1
 293              		.align	2
 294              	.LC0:
 295 0000 5372632F 		.ascii	"Src/main.c\000"
 295      6D61696E 
 295      2E6300
 296              		.text
 297              	.Letext0:
 298              		.file 2 "/home/icdu/opt/gcc-arm-none-eabi-6-2017-q2-update/arm-none-eabi/include/machine/_default_
 299              		.file 3 "/home/icdu/opt/gcc-arm-none-eabi-6-2017-q2-update/arm-none-eabi/include/sys/_stdint.h"
 300              		.file 4 "Drivers/CMSIS/Include/core_cm3.h"
 301              		.file 5 "Drivers/CMSIS/Device/ST/STM32F1xx/Include/system_stm32f1xx.h"
 302              		.file 6 "Drivers/CMSIS/Device/ST/STM32F1xx/Include/stm32f103xb.h"
 303              		.file 7 "/home/icdu/opt/gcc-arm-none-eabi-6-2017-q2-update/arm-none-eabi/include/sys/lock.h"
 304              		.file 8 "/home/icdu/opt/gcc-arm-none-eabi-6-2017-q2-update/arm-none-eabi/include/sys/_types.h"
 305              		.file 9 "/home/icdu/opt/gcc-arm-none-eabi-6-2017-q2-update/lib/gcc/arm-none-eabi/6.3.1/include/std
 306              		.file 10 "/home/icdu/opt/gcc-arm-none-eabi-6-2017-q2-update/arm-none-eabi/include/sys/reent.h"
 307              		.file 11 "Drivers/STM32F1xx_HAL_Driver/Inc/stm32f1xx_hal_def.h"
 308              		.file 12 "Drivers/STM32F1xx_HAL_Driver/Inc/stm32f1xx_hal_rcc.h"
 309              		.file 13 "Drivers/STM32F1xx_HAL_Driver/Inc/stm32f1xx_hal_rcc_ex.h"
 310              		.file 14 "Drivers/STM32F1xx_HAL_Driver/Inc/stm32f1xx_hal_gpio.h"
 311              		.file 15 "/home/icdu/opt/gcc-arm-none-eabi-6-2017-q2-update/arm-none-eabi/include/stdlib.h"
 312              		.file 16 "Middlewares/ST/STM32_USB_Device_Library/Core/Inc/usbd_def.h"
 313              		.file 17 "Inc/usb_device.h"
 314              		.file 18 "Drivers/STM32F1xx_HAL_Driver/Inc/stm32f1xx_hal_cortex.h"
 315              		.file 19 "Drivers/STM32F1xx_HAL_Driver/Inc/stm32f1xx_hal.h"
ARM GAS  /tmp/ccxUELee.s 			page 11


DEFINED SYMBOLS
                            *ABS*:0000000000000000 main.c
     /tmp/ccxUELee.s:16     .text.MX_GPIO_Init:0000000000000000 $t
     /tmp/ccxUELee.s:22     .text.MX_GPIO_Init:0000000000000000 MX_GPIO_Init
     /tmp/ccxUELee.s:98     .text.MX_GPIO_Init:0000000000000064 $d
     /tmp/ccxUELee.s:104    .text._Error_Handler:0000000000000000 $t
     /tmp/ccxUELee.s:111    .text._Error_Handler:0000000000000000 _Error_Handler
     /tmp/ccxUELee.s:126    .text.SystemClock_Config:0000000000000000 $t
     /tmp/ccxUELee.s:133    .text.SystemClock_Config:0000000000000000 SystemClock_Config
     /tmp/ccxUELee.s:250    .text.SystemClock_Config:0000000000000098 $d
     /tmp/ccxUELee.s:256    .text.main:0000000000000000 $t
     /tmp/ccxUELee.s:263    .text.main:0000000000000000 main
     /tmp/ccxUELee.s:293    .rodata.SystemClock_Config.str1.4:0000000000000000 $d
                     .debug_frame:0000000000000010 $d

UNDEFINED SYMBOLS
HAL_GPIO_WritePin
HAL_GPIO_Init
HAL_RCC_OscConfig
HAL_RCC_ClockConfig
HAL_RCCEx_PeriphCLKConfig
HAL_RCC_GetHCLKFreq
HAL_SYSTICK_Config
HAL_SYSTICK_CLKSourceConfig
HAL_NVIC_SetPriority
HAL_Init
MX_USB_DEVICE_Init
