ARM GAS  /tmp/cc5vLnn4.s 			page 1


   1              		.cpu cortex-m3
   2              		.eabi_attribute 20, 1
   3              		.eabi_attribute 21, 1
   4              		.eabi_attribute 23, 3
   5              		.eabi_attribute 24, 1
   6              		.eabi_attribute 25, 1
   7              		.eabi_attribute 26, 1
   8              		.eabi_attribute 30, 1
   9              		.eabi_attribute 34, 1
  10              		.eabi_attribute 18, 4
  11              		.file	"usbd_cdc_if.c"
  12              		.text
  13              	.Ltext0:
  14              		.cfi_sections	.debug_frame
  15              		.section	.text.CDC_DeInit_FS,"ax",%progbits
  16              		.align	1
  17              		.syntax unified
  18              		.thumb
  19              		.thumb_func
  20              		.fpu softvfp
  22              	CDC_DeInit_FS:
  23              	.LFB65:
  24              		.file 1 "Src/usbd_cdc_if.c"
   1:Src/usbd_cdc_if.c **** /**
   2:Src/usbd_cdc_if.c ****   ******************************************************************************
   3:Src/usbd_cdc_if.c ****   * @file           : usbd_cdc_if.c
   4:Src/usbd_cdc_if.c ****   * @brief          :
   5:Src/usbd_cdc_if.c ****   ******************************************************************************
   6:Src/usbd_cdc_if.c ****   * This notice applies to any and all portions of this file
   7:Src/usbd_cdc_if.c ****   * that are not between comment pairs USER CODE BEGIN and
   8:Src/usbd_cdc_if.c ****   * USER CODE END. Other portions of this file, whether 
   9:Src/usbd_cdc_if.c ****   * inserted by the user or by software development tools
  10:Src/usbd_cdc_if.c ****   * are owned by their respective copyright owners.
  11:Src/usbd_cdc_if.c ****   *
  12:Src/usbd_cdc_if.c ****   * Copyright (c) 2017 STMicroelectronics International N.V. 
  13:Src/usbd_cdc_if.c ****   * All rights reserved.
  14:Src/usbd_cdc_if.c ****   *
  15:Src/usbd_cdc_if.c ****   * Redistribution and use in source and binary forms, with or without 
  16:Src/usbd_cdc_if.c ****   * modification, are permitted, provided that the following conditions are met:
  17:Src/usbd_cdc_if.c ****   *
  18:Src/usbd_cdc_if.c ****   * 1. Redistribution of source code must retain the above copyright notice, 
  19:Src/usbd_cdc_if.c ****   *    this list of conditions and the following disclaimer.
  20:Src/usbd_cdc_if.c ****   * 2. Redistributions in binary form must reproduce the above copyright notice,
  21:Src/usbd_cdc_if.c ****   *    this list of conditions and the following disclaimer in the documentation
  22:Src/usbd_cdc_if.c ****   *    and/or other materials provided with the distribution.
  23:Src/usbd_cdc_if.c ****   * 3. Neither the name of STMicroelectronics nor the names of other 
  24:Src/usbd_cdc_if.c ****   *    contributors to this software may be used to endorse or promote products 
  25:Src/usbd_cdc_if.c ****   *    derived from this software without specific written permission.
  26:Src/usbd_cdc_if.c ****   * 4. This software, including modifications and/or derivative works of this 
  27:Src/usbd_cdc_if.c ****   *    software, must execute solely and exclusively on microcontroller or
  28:Src/usbd_cdc_if.c ****   *    microprocessor devices manufactured by or for STMicroelectronics.
  29:Src/usbd_cdc_if.c ****   * 5. Redistribution and use of this software other than as permitted under 
  30:Src/usbd_cdc_if.c ****   *    this license is void and will automatically terminate your rights under 
  31:Src/usbd_cdc_if.c ****   *    this license. 
  32:Src/usbd_cdc_if.c ****   *
  33:Src/usbd_cdc_if.c ****   * THIS SOFTWARE IS PROVIDED BY STMICROELECTRONICS AND CONTRIBUTORS "AS IS" 
  34:Src/usbd_cdc_if.c ****   * AND ANY EXPRESS, IMPLIED OR STATUTORY WARRANTIES, INCLUDING, BUT NOT 
ARM GAS  /tmp/cc5vLnn4.s 			page 2


  35:Src/usbd_cdc_if.c ****   * LIMITED TO, THE IMPLIED WARRANTIES OF MERCHANTABILITY, FITNESS FOR A 
  36:Src/usbd_cdc_if.c ****   * PARTICULAR PURPOSE AND NON-INFRINGEMENT OF THIRD PARTY INTELLECTUAL PROPERTY
  37:Src/usbd_cdc_if.c ****   * RIGHTS ARE DISCLAIMED TO THE FULLEST EXTENT PERMITTED BY LAW. IN NO EVENT 
  38:Src/usbd_cdc_if.c ****   * SHALL STMICROELECTRONICS OR CONTRIBUTORS BE LIABLE FOR ANY DIRECT, INDIRECT,
  39:Src/usbd_cdc_if.c ****   * INCIDENTAL, SPECIAL, EXEMPLARY, OR CONSEQUENTIAL DAMAGES (INCLUDING, BUT NOT
  40:Src/usbd_cdc_if.c ****   * LIMITED TO, PROCUREMENT OF SUBSTITUTE GOODS OR SERVICES; LOSS OF USE, DATA, 
  41:Src/usbd_cdc_if.c ****   * OR PROFITS; OR BUSINESS INTERRUPTION) HOWEVER CAUSED AND ON ANY THEORY OF 
  42:Src/usbd_cdc_if.c ****   * LIABILITY, WHETHER IN CONTRACT, STRICT LIABILITY, OR TORT (INCLUDING 
  43:Src/usbd_cdc_if.c ****   * NEGLIGENCE OR OTHERWISE) ARISING IN ANY WAY OUT OF THE USE OF THIS SOFTWARE,
  44:Src/usbd_cdc_if.c ****   * EVEN IF ADVISED OF THE POSSIBILITY OF SUCH DAMAGE.
  45:Src/usbd_cdc_if.c ****   *
  46:Src/usbd_cdc_if.c ****   ******************************************************************************
  47:Src/usbd_cdc_if.c **** */
  48:Src/usbd_cdc_if.c **** 
  49:Src/usbd_cdc_if.c **** /* Includes ------------------------------------------------------------------*/
  50:Src/usbd_cdc_if.c **** #include "usbd_cdc_if.h"
  51:Src/usbd_cdc_if.c **** /* USER CODE BEGIN INCLUDE */
  52:Src/usbd_cdc_if.c **** /* USER CODE END INCLUDE */
  53:Src/usbd_cdc_if.c **** 
  54:Src/usbd_cdc_if.c **** /** @addtogroup STM32_USB_OTG_DEVICE_LIBRARY
  55:Src/usbd_cdc_if.c ****   * @{
  56:Src/usbd_cdc_if.c ****   */
  57:Src/usbd_cdc_if.c **** 
  58:Src/usbd_cdc_if.c **** /** @defgroup USBD_CDC 
  59:Src/usbd_cdc_if.c ****   * @brief usbd core module
  60:Src/usbd_cdc_if.c ****   * @{
  61:Src/usbd_cdc_if.c ****   */ 
  62:Src/usbd_cdc_if.c **** 
  63:Src/usbd_cdc_if.c **** /** @defgroup USBD_CDC_Private_TypesDefinitions
  64:Src/usbd_cdc_if.c ****   * @{
  65:Src/usbd_cdc_if.c ****   */ 
  66:Src/usbd_cdc_if.c **** /* USER CODE BEGIN PRIVATE_TYPES */
  67:Src/usbd_cdc_if.c **** /* USER CODE END PRIVATE_TYPES */ 
  68:Src/usbd_cdc_if.c **** /**
  69:Src/usbd_cdc_if.c ****   * @}
  70:Src/usbd_cdc_if.c ****   */ 
  71:Src/usbd_cdc_if.c **** 
  72:Src/usbd_cdc_if.c **** /** @defgroup USBD_CDC_Private_Defines
  73:Src/usbd_cdc_if.c ****   * @{
  74:Src/usbd_cdc_if.c ****   */ 
  75:Src/usbd_cdc_if.c **** /* USER CODE BEGIN PRIVATE_DEFINES */
  76:Src/usbd_cdc_if.c **** /* Define size for the receive and transmit buffer over CDC */
  77:Src/usbd_cdc_if.c **** /* It's up to user to redefine and/or remove those define */
  78:Src/usbd_cdc_if.c **** #define APP_RX_DATA_SIZE  2048
  79:Src/usbd_cdc_if.c **** #define APP_TX_DATA_SIZE  2048
  80:Src/usbd_cdc_if.c **** /* USER CODE END PRIVATE_DEFINES */
  81:Src/usbd_cdc_if.c **** /**
  82:Src/usbd_cdc_if.c ****   * @}
  83:Src/usbd_cdc_if.c ****   */ 
  84:Src/usbd_cdc_if.c **** 
  85:Src/usbd_cdc_if.c **** /** @defgroup USBD_CDC_Private_Macros
  86:Src/usbd_cdc_if.c ****   * @{
  87:Src/usbd_cdc_if.c ****   */ 
  88:Src/usbd_cdc_if.c **** /* USER CODE BEGIN PRIVATE_MACRO */
  89:Src/usbd_cdc_if.c **** /* USER CODE END PRIVATE_MACRO */
  90:Src/usbd_cdc_if.c **** 
  91:Src/usbd_cdc_if.c **** /**
ARM GAS  /tmp/cc5vLnn4.s 			page 3


  92:Src/usbd_cdc_if.c ****   * @}
  93:Src/usbd_cdc_if.c ****   */ 
  94:Src/usbd_cdc_if.c ****   
  95:Src/usbd_cdc_if.c **** /** @defgroup USBD_CDC_Private_Variables
  96:Src/usbd_cdc_if.c ****   * @{
  97:Src/usbd_cdc_if.c ****   */
  98:Src/usbd_cdc_if.c **** /* Create buffer for reception and transmission           */
  99:Src/usbd_cdc_if.c **** /* It's up to user to redefine and/or remove those define */
 100:Src/usbd_cdc_if.c **** /* Received Data over USB are stored in this buffer       */
 101:Src/usbd_cdc_if.c **** uint8_t UserRxBufferFS[APP_RX_DATA_SIZE];
 102:Src/usbd_cdc_if.c **** 
 103:Src/usbd_cdc_if.c **** /* Send Data over USB CDC are stored in this buffer       */
 104:Src/usbd_cdc_if.c **** uint8_t UserTxBufferFS[APP_TX_DATA_SIZE];
 105:Src/usbd_cdc_if.c **** 
 106:Src/usbd_cdc_if.c **** /* USER CODE BEGIN PRIVATE_VARIABLES */
 107:Src/usbd_cdc_if.c **** /* USER CODE END PRIVATE_VARIABLES */
 108:Src/usbd_cdc_if.c **** 
 109:Src/usbd_cdc_if.c **** /**
 110:Src/usbd_cdc_if.c ****   * @}
 111:Src/usbd_cdc_if.c ****   */ 
 112:Src/usbd_cdc_if.c ****   
 113:Src/usbd_cdc_if.c **** /** @defgroup USBD_CDC_IF_Exported_Variables
 114:Src/usbd_cdc_if.c ****   * @{
 115:Src/usbd_cdc_if.c ****   */ 
 116:Src/usbd_cdc_if.c ****   extern USBD_HandleTypeDef hUsbDeviceFS;
 117:Src/usbd_cdc_if.c **** /* USER CODE BEGIN EXPORTED_VARIABLES */
 118:Src/usbd_cdc_if.c **** /* USER CODE END EXPORTED_VARIABLES */
 119:Src/usbd_cdc_if.c **** 
 120:Src/usbd_cdc_if.c **** /**
 121:Src/usbd_cdc_if.c ****   * @}
 122:Src/usbd_cdc_if.c ****   */ 
 123:Src/usbd_cdc_if.c ****   
 124:Src/usbd_cdc_if.c **** /** @defgroup USBD_CDC_Private_FunctionPrototypes
 125:Src/usbd_cdc_if.c ****   * @{
 126:Src/usbd_cdc_if.c ****   */
 127:Src/usbd_cdc_if.c **** static int8_t CDC_Init_FS     (void);
 128:Src/usbd_cdc_if.c **** static int8_t CDC_DeInit_FS   (void);
 129:Src/usbd_cdc_if.c **** static int8_t CDC_Control_FS  (uint8_t cmd, uint8_t* pbuf, uint16_t length);
 130:Src/usbd_cdc_if.c **** static int8_t CDC_Receive_FS  (uint8_t* pbuf, uint32_t *Len);
 131:Src/usbd_cdc_if.c **** 
 132:Src/usbd_cdc_if.c **** /* USER CODE BEGIN PRIVATE_FUNCTIONS_DECLARATION */
 133:Src/usbd_cdc_if.c **** /* USER CODE END PRIVATE_FUNCTIONS_DECLARATION */
 134:Src/usbd_cdc_if.c **** 
 135:Src/usbd_cdc_if.c **** /**
 136:Src/usbd_cdc_if.c ****   * @}
 137:Src/usbd_cdc_if.c ****   */ 
 138:Src/usbd_cdc_if.c ****   
 139:Src/usbd_cdc_if.c **** USBD_CDC_ItfTypeDef USBD_Interface_fops_FS = 
 140:Src/usbd_cdc_if.c **** {
 141:Src/usbd_cdc_if.c ****   CDC_Init_FS,
 142:Src/usbd_cdc_if.c ****   CDC_DeInit_FS,
 143:Src/usbd_cdc_if.c ****   CDC_Control_FS,  
 144:Src/usbd_cdc_if.c ****   CDC_Receive_FS
 145:Src/usbd_cdc_if.c **** };
 146:Src/usbd_cdc_if.c **** 
 147:Src/usbd_cdc_if.c **** /* Private functions ---------------------------------------------------------*/
 148:Src/usbd_cdc_if.c **** /**
ARM GAS  /tmp/cc5vLnn4.s 			page 4


 149:Src/usbd_cdc_if.c ****   * @brief  CDC_Init_FS
 150:Src/usbd_cdc_if.c ****   *         Initializes the CDC media low layer over the FS USB IP
 151:Src/usbd_cdc_if.c ****   * @param  None
 152:Src/usbd_cdc_if.c ****   * @retval Result of the operation: USBD_OK if all operations are OK else USBD_FAIL
 153:Src/usbd_cdc_if.c ****   */
 154:Src/usbd_cdc_if.c **** static int8_t CDC_Init_FS(void)
 155:Src/usbd_cdc_if.c **** { 
 156:Src/usbd_cdc_if.c ****   /* USER CODE BEGIN 3 */ 
 157:Src/usbd_cdc_if.c ****   /* Set Application Buffers */
 158:Src/usbd_cdc_if.c ****   USBD_CDC_SetTxBuffer(&hUsbDeviceFS, UserTxBufferFS, 0);
 159:Src/usbd_cdc_if.c ****   USBD_CDC_SetRxBuffer(&hUsbDeviceFS, UserRxBufferFS);
 160:Src/usbd_cdc_if.c ****   return (USBD_OK);
 161:Src/usbd_cdc_if.c ****   /* USER CODE END 3 */ 
 162:Src/usbd_cdc_if.c **** }
 163:Src/usbd_cdc_if.c **** 
 164:Src/usbd_cdc_if.c **** /**
 165:Src/usbd_cdc_if.c ****   * @brief  CDC_DeInit_FS
 166:Src/usbd_cdc_if.c ****   *         DeInitializes the CDC media low layer
 167:Src/usbd_cdc_if.c ****   * @param  None
 168:Src/usbd_cdc_if.c ****   * @retval Result of the operation: USBD_OK if all operations are OK else USBD_FAIL
 169:Src/usbd_cdc_if.c ****   */
 170:Src/usbd_cdc_if.c **** static int8_t CDC_DeInit_FS(void)
 171:Src/usbd_cdc_if.c **** {
  25              		.loc 1 171 0
  26              		.cfi_startproc
  27              		@ args = 0, pretend = 0, frame = 0
  28              		@ frame_needed = 0, uses_anonymous_args = 0
  29              		@ link register save eliminated.
 172:Src/usbd_cdc_if.c ****   /* USER CODE BEGIN 4 */ 
 173:Src/usbd_cdc_if.c ****   return (USBD_OK);
 174:Src/usbd_cdc_if.c ****   /* USER CODE END 4 */ 
 175:Src/usbd_cdc_if.c **** }
  30              		.loc 1 175 0
  31 0000 0020     		movs	r0, #0
  32 0002 7047     		bx	lr
  33              		.cfi_endproc
  34              	.LFE65:
  36              		.section	.text.CDC_Control_FS,"ax",%progbits
  37              		.align	1
  38              		.syntax unified
  39              		.thumb
  40              		.thumb_func
  41              		.fpu softvfp
  43              	CDC_Control_FS:
  44              	.LFB66:
 176:Src/usbd_cdc_if.c **** 
 177:Src/usbd_cdc_if.c **** /**
 178:Src/usbd_cdc_if.c ****   * @brief  CDC_Control_FS
 179:Src/usbd_cdc_if.c ****   *         Manage the CDC class requests
 180:Src/usbd_cdc_if.c ****   * @param  cmd: Command code            
 181:Src/usbd_cdc_if.c ****   * @param  pbuf: Buffer containing command data (request parameters)
 182:Src/usbd_cdc_if.c ****   * @param  length: Number of data to be sent (in bytes)
 183:Src/usbd_cdc_if.c ****   * @retval Result of the operation: USBD_OK if all operations are OK else USBD_FAIL
 184:Src/usbd_cdc_if.c ****   */
 185:Src/usbd_cdc_if.c **** static int8_t CDC_Control_FS  (uint8_t cmd, uint8_t* pbuf, uint16_t length)
 186:Src/usbd_cdc_if.c **** { 
  45              		.loc 1 186 0
ARM GAS  /tmp/cc5vLnn4.s 			page 5


  46              		.cfi_startproc
  47              		@ args = 0, pretend = 0, frame = 0
  48              		@ frame_needed = 0, uses_anonymous_args = 0
  49              		@ link register save eliminated.
  50              	.LVL0:
 187:Src/usbd_cdc_if.c ****   /* USER CODE BEGIN 5 */
 188:Src/usbd_cdc_if.c ****   switch (cmd)
 189:Src/usbd_cdc_if.c ****   {
 190:Src/usbd_cdc_if.c ****   case CDC_SEND_ENCAPSULATED_COMMAND:
 191:Src/usbd_cdc_if.c ****  
 192:Src/usbd_cdc_if.c ****     break;
 193:Src/usbd_cdc_if.c **** 
 194:Src/usbd_cdc_if.c ****   case CDC_GET_ENCAPSULATED_RESPONSE:
 195:Src/usbd_cdc_if.c ****  
 196:Src/usbd_cdc_if.c ****     break;
 197:Src/usbd_cdc_if.c **** 
 198:Src/usbd_cdc_if.c ****   case CDC_SET_COMM_FEATURE:
 199:Src/usbd_cdc_if.c ****  
 200:Src/usbd_cdc_if.c ****     break;
 201:Src/usbd_cdc_if.c **** 
 202:Src/usbd_cdc_if.c ****   case CDC_GET_COMM_FEATURE:
 203:Src/usbd_cdc_if.c **** 
 204:Src/usbd_cdc_if.c ****     break;
 205:Src/usbd_cdc_if.c **** 
 206:Src/usbd_cdc_if.c ****   case CDC_CLEAR_COMM_FEATURE:
 207:Src/usbd_cdc_if.c **** 
 208:Src/usbd_cdc_if.c ****     break;
 209:Src/usbd_cdc_if.c **** 
 210:Src/usbd_cdc_if.c ****   /*******************************************************************************/
 211:Src/usbd_cdc_if.c ****   /* Line Coding Structure                                                       */
 212:Src/usbd_cdc_if.c ****   /*-----------------------------------------------------------------------------*/
 213:Src/usbd_cdc_if.c ****   /* Offset | Field       | Size | Value  | Description                          */
 214:Src/usbd_cdc_if.c ****   /* 0      | dwDTERate   |   4  | Number |Data terminal rate, in bits per second*/
 215:Src/usbd_cdc_if.c ****   /* 4      | bCharFormat |   1  | Number | Stop bits                            */
 216:Src/usbd_cdc_if.c ****   /*                                        0 - 1 Stop bit                       */
 217:Src/usbd_cdc_if.c ****   /*                                        1 - 1.5 Stop bits                    */
 218:Src/usbd_cdc_if.c ****   /*                                        2 - 2 Stop bits                      */
 219:Src/usbd_cdc_if.c ****   /* 5      | bParityType |  1   | Number | Parity                               */
 220:Src/usbd_cdc_if.c ****   /*                                        0 - None                             */
 221:Src/usbd_cdc_if.c ****   /*                                        1 - Odd                              */ 
 222:Src/usbd_cdc_if.c ****   /*                                        2 - Even                             */
 223:Src/usbd_cdc_if.c ****   /*                                        3 - Mark                             */
 224:Src/usbd_cdc_if.c ****   /*                                        4 - Space                            */
 225:Src/usbd_cdc_if.c ****   /* 6      | bDataBits  |   1   | Number Data bits (5, 6, 7, 8 or 16).          */
 226:Src/usbd_cdc_if.c ****   /*******************************************************************************/
 227:Src/usbd_cdc_if.c ****   case CDC_SET_LINE_CODING:   
 228:Src/usbd_cdc_if.c **** 	
 229:Src/usbd_cdc_if.c ****     break;
 230:Src/usbd_cdc_if.c **** 
 231:Src/usbd_cdc_if.c ****   case CDC_GET_LINE_CODING:     
 232:Src/usbd_cdc_if.c **** 
 233:Src/usbd_cdc_if.c ****     break;
 234:Src/usbd_cdc_if.c **** 
 235:Src/usbd_cdc_if.c ****   case CDC_SET_CONTROL_LINE_STATE:
 236:Src/usbd_cdc_if.c **** 
 237:Src/usbd_cdc_if.c ****     break;
 238:Src/usbd_cdc_if.c **** 
ARM GAS  /tmp/cc5vLnn4.s 			page 6


 239:Src/usbd_cdc_if.c ****   case CDC_SEND_BREAK:
 240:Src/usbd_cdc_if.c ****  
 241:Src/usbd_cdc_if.c ****     break;    
 242:Src/usbd_cdc_if.c ****     
 243:Src/usbd_cdc_if.c ****   default:
 244:Src/usbd_cdc_if.c ****     break;
 245:Src/usbd_cdc_if.c ****   }
 246:Src/usbd_cdc_if.c **** 
 247:Src/usbd_cdc_if.c ****   return (USBD_OK);
 248:Src/usbd_cdc_if.c ****   /* USER CODE END 5 */
 249:Src/usbd_cdc_if.c **** }
  51              		.loc 1 249 0
  52 0000 0020     		movs	r0, #0
  53              	.LVL1:
  54 0002 7047     		bx	lr
  55              		.cfi_endproc
  56              	.LFE66:
  58              		.section	.text.CDC_Receive_FS,"ax",%progbits
  59              		.align	1
  60              		.syntax unified
  61              		.thumb
  62              		.thumb_func
  63              		.fpu softvfp
  65              	CDC_Receive_FS:
  66              	.LFB67:
 250:Src/usbd_cdc_if.c **** 
 251:Src/usbd_cdc_if.c **** /**
 252:Src/usbd_cdc_if.c ****   * @brief  CDC_Receive_FS
 253:Src/usbd_cdc_if.c ****   *         Data received over USB OUT endpoint are sent over CDC interface 
 254:Src/usbd_cdc_if.c ****   *         through this function.
 255:Src/usbd_cdc_if.c ****   *           
 256:Src/usbd_cdc_if.c ****   *         @note
 257:Src/usbd_cdc_if.c ****   *         This function will block any OUT packet reception on USB endpoint 
 258:Src/usbd_cdc_if.c ****   *         untill exiting this function. If you exit this function before transfer
 259:Src/usbd_cdc_if.c ****   *         is complete on CDC interface (ie. using DMA controller) it will result 
 260:Src/usbd_cdc_if.c ****   *         in receiving more data while previous ones are still not sent.
 261:Src/usbd_cdc_if.c ****   *                 
 262:Src/usbd_cdc_if.c ****   * @param  Buf: Buffer of data to be received
 263:Src/usbd_cdc_if.c ****   * @param  Len: Number of data received (in bytes)
 264:Src/usbd_cdc_if.c ****   * @retval Result of the operation: USBD_OK if all operations are OK else USBD_FAIL
 265:Src/usbd_cdc_if.c ****   
 266:Src/usbd_cdc_if.c **** */
 267:Src/usbd_cdc_if.c **** static int8_t CDC_Receive_FS (uint8_t* Buf, uint32_t *Len)
 268:Src/usbd_cdc_if.c **** {
  67              		.loc 1 268 0
  68              		.cfi_startproc
  69              		@ args = 0, pretend = 0, frame = 0
  70              		@ frame_needed = 0, uses_anonymous_args = 0
  71              	.LVL2:
  72 0000 38B5     		push	{r3, r4, r5, lr}
  73              	.LCFI0:
  74              		.cfi_def_cfa_offset 16
  75              		.cfi_offset 3, -16
  76              		.cfi_offset 4, -12
  77              		.cfi_offset 5, -8
  78              		.cfi_offset 14, -4
  79 0002 0446     		mov	r4, r0
ARM GAS  /tmp/cc5vLnn4.s 			page 7


 269:Src/usbd_cdc_if.c ****   /* USER CODE BEGIN 6 */
 270:Src/usbd_cdc_if.c **** //////////////////////////////////////////////////////////////////////
 271:Src/usbd_cdc_if.c **** if(Buf[0]=='1')
  80              		.loc 1 271 0
  81 0004 0378     		ldrb	r3, [r0]	@ zero_extendqisi2
  82 0006 312B     		cmp	r3, #49
  83 0008 0CD0     		beq	.L7
  84              	.LVL3:
  85              	.L4:
 272:Src/usbd_cdc_if.c **** HAL_GPIO_WritePin(GPIOC, GPIO_PIN_13,0);
 273:Src/usbd_cdc_if.c **** if(Buf[0]=='0')
  86              		.loc 1 273 0
  87 000a 2378     		ldrb	r3, [r4]	@ zero_extendqisi2
  88 000c 302B     		cmp	r3, #48
  89 000e 10D0     		beq	.L8
  90              	.L5:
 274:Src/usbd_cdc_if.c **** HAL_GPIO_WritePin(GPIOC, GPIO_PIN_13,1);
 275:Src/usbd_cdc_if.c **** ///////////////////////////////////////////////////////////////////////
 276:Src/usbd_cdc_if.c ****   USBD_CDC_SetRxBuffer(&hUsbDeviceFS, &Buf[0]);
  91              		.loc 1 276 0
  92 0010 0B4D     		ldr	r5, .L9
  93 0012 2146     		mov	r1, r4
  94 0014 2846     		mov	r0, r5
  95 0016 FFF7FEFF 		bl	USBD_CDC_SetRxBuffer
  96              	.LVL4:
 277:Src/usbd_cdc_if.c ****   USBD_CDC_ReceivePacket(&hUsbDeviceFS);
  97              		.loc 1 277 0
  98 001a 2846     		mov	r0, r5
  99 001c FFF7FEFF 		bl	USBD_CDC_ReceivePacket
 100              	.LVL5:
 278:Src/usbd_cdc_if.c ****   return (USBD_OK);
 279:Src/usbd_cdc_if.c ****   /* USER CODE END 6 */ 
 280:Src/usbd_cdc_if.c **** }
 101              		.loc 1 280 0
 102 0020 0020     		movs	r0, #0
 103 0022 38BD     		pop	{r3, r4, r5, pc}
 104              	.LVL6:
 105              	.L7:
 272:Src/usbd_cdc_if.c **** if(Buf[0]=='0')
 106              		.loc 1 272 0
 107 0024 0022     		movs	r2, #0
 108 0026 4FF40051 		mov	r1, #8192
 109              	.LVL7:
 110 002a 0648     		ldr	r0, .L9+4
 111              	.LVL8:
 112 002c FFF7FEFF 		bl	HAL_GPIO_WritePin
 113              	.LVL9:
 114 0030 EBE7     		b	.L4
 115              	.L8:
 274:Src/usbd_cdc_if.c **** ///////////////////////////////////////////////////////////////////////
 116              		.loc 1 274 0
 117 0032 0122     		movs	r2, #1
 118 0034 4FF40051 		mov	r1, #8192
 119 0038 0248     		ldr	r0, .L9+4
 120 003a FFF7FEFF 		bl	HAL_GPIO_WritePin
 121              	.LVL10:
 122 003e E7E7     		b	.L5
ARM GAS  /tmp/cc5vLnn4.s 			page 8


 123              	.L10:
 124              		.align	2
 125              	.L9:
 126 0040 00000000 		.word	hUsbDeviceFS
 127 0044 00100140 		.word	1073811456
 128              		.cfi_endproc
 129              	.LFE67:
 131              		.section	.text.CDC_Init_FS,"ax",%progbits
 132              		.align	1
 133              		.syntax unified
 134              		.thumb
 135              		.thumb_func
 136              		.fpu softvfp
 138              	CDC_Init_FS:
 139              	.LFB64:
 155:Src/usbd_cdc_if.c ****   /* USER CODE BEGIN 3 */ 
 140              		.loc 1 155 0
 141              		.cfi_startproc
 142              		@ args = 0, pretend = 0, frame = 0
 143              		@ frame_needed = 0, uses_anonymous_args = 0
 144 0000 10B5     		push	{r4, lr}
 145              	.LCFI1:
 146              		.cfi_def_cfa_offset 8
 147              		.cfi_offset 4, -8
 148              		.cfi_offset 14, -4
 158:Src/usbd_cdc_if.c ****   USBD_CDC_SetRxBuffer(&hUsbDeviceFS, UserRxBufferFS);
 149              		.loc 1 158 0
 150 0002 064C     		ldr	r4, .L13
 151 0004 0022     		movs	r2, #0
 152 0006 0649     		ldr	r1, .L13+4
 153 0008 2046     		mov	r0, r4
 154 000a FFF7FEFF 		bl	USBD_CDC_SetTxBuffer
 155              	.LVL11:
 159:Src/usbd_cdc_if.c ****   return (USBD_OK);
 156              		.loc 1 159 0
 157 000e 0549     		ldr	r1, .L13+8
 158 0010 2046     		mov	r0, r4
 159 0012 FFF7FEFF 		bl	USBD_CDC_SetRxBuffer
 160              	.LVL12:
 162:Src/usbd_cdc_if.c **** 
 161              		.loc 1 162 0
 162 0016 0020     		movs	r0, #0
 163 0018 10BD     		pop	{r4, pc}
 164              	.L14:
 165 001a 00BF     		.align	2
 166              	.L13:
 167 001c 00000000 		.word	hUsbDeviceFS
 168 0020 00000000 		.word	UserTxBufferFS
 169 0024 00000000 		.word	UserRxBufferFS
 170              		.cfi_endproc
 171              	.LFE64:
 173              		.section	.text.CDC_Transmit_FS,"ax",%progbits
 174              		.align	1
 175              		.global	CDC_Transmit_FS
 176              		.syntax unified
 177              		.thumb
 178              		.thumb_func
ARM GAS  /tmp/cc5vLnn4.s 			page 9


 179              		.fpu softvfp
 181              	CDC_Transmit_FS:
 182              	.LFB68:
 281:Src/usbd_cdc_if.c **** 
 282:Src/usbd_cdc_if.c **** /**
 283:Src/usbd_cdc_if.c ****   * @brief  CDC_Transmit_FS
 284:Src/usbd_cdc_if.c ****   *         Data send over USB IN endpoint are sent over CDC interface 
 285:Src/usbd_cdc_if.c ****   *         through this function.           
 286:Src/usbd_cdc_if.c ****   *         @note
 287:Src/usbd_cdc_if.c ****   *         
 288:Src/usbd_cdc_if.c ****   *                 
 289:Src/usbd_cdc_if.c ****   * @param  Buf: Buffer of data to be send
 290:Src/usbd_cdc_if.c ****   * @param  Len: Number of data to be send (in bytes)
 291:Src/usbd_cdc_if.c ****   * @retval Result of the operation: USBD_OK if all operations are OK else USBD_FAIL or USBD_BUSY
 292:Src/usbd_cdc_if.c ****   */
 293:Src/usbd_cdc_if.c **** uint8_t CDC_Transmit_FS(uint8_t* Buf, uint16_t Len)
 294:Src/usbd_cdc_if.c **** {
 183              		.loc 1 294 0
 184              		.cfi_startproc
 185              		@ args = 0, pretend = 0, frame = 0
 186              		@ frame_needed = 0, uses_anonymous_args = 0
 187              	.LVL13:
 295:Src/usbd_cdc_if.c ****   uint8_t result = USBD_OK;
 296:Src/usbd_cdc_if.c ****   /* USER CODE BEGIN 7 */ 
 297:Src/usbd_cdc_if.c ****   USBD_CDC_HandleTypeDef *hcdc = (USBD_CDC_HandleTypeDef*)hUsbDeviceFS.pClassData;
 188              		.loc 1 297 0
 189 0000 094B     		ldr	r3, .L23
 190 0002 D3F81832 		ldr	r3, [r3, #536]
 191              	.LVL14:
 298:Src/usbd_cdc_if.c ****   if (hcdc->TxState != 0){
 192              		.loc 1 298 0
 193 0006 D3F81432 		ldr	r3, [r3, #532]
 194              	.LVL15:
 195 000a 0BB1     		cbz	r3, .L22
 299:Src/usbd_cdc_if.c ****     return USBD_BUSY;
 196              		.loc 1 299 0
 197 000c 0120     		movs	r0, #1
 198              	.LVL16:
 199 000e 7047     		bx	lr
 200              	.LVL17:
 201              	.L22:
 294:Src/usbd_cdc_if.c ****   uint8_t result = USBD_OK;
 202              		.loc 1 294 0
 203 0010 10B5     		push	{r4, lr}
 204              	.LCFI2:
 205              		.cfi_def_cfa_offset 8
 206              		.cfi_offset 4, -8
 207              		.cfi_offset 14, -4
 208 0012 0A46     		mov	r2, r1
 209 0014 0146     		mov	r1, r0
 210              	.LVL18:
 300:Src/usbd_cdc_if.c ****   }
 301:Src/usbd_cdc_if.c ****   USBD_CDC_SetTxBuffer(&hUsbDeviceFS, Buf, Len);
 211              		.loc 1 301 0
 212 0016 044C     		ldr	r4, .L23
 213              	.LVL19:
 214 0018 2046     		mov	r0, r4
ARM GAS  /tmp/cc5vLnn4.s 			page 10


 215              	.LVL20:
 216 001a FFF7FEFF 		bl	USBD_CDC_SetTxBuffer
 217              	.LVL21:
 302:Src/usbd_cdc_if.c ****   result = USBD_CDC_TransmitPacket(&hUsbDeviceFS);
 218              		.loc 1 302 0
 219 001e 2046     		mov	r0, r4
 220 0020 FFF7FEFF 		bl	USBD_CDC_TransmitPacket
 221              	.LVL22:
 303:Src/usbd_cdc_if.c ****   /* USER CODE END 7 */ 
 304:Src/usbd_cdc_if.c ****   return result;
 222              		.loc 1 304 0
 223 0024 10BD     		pop	{r4, pc}
 224              	.L24:
 225 0026 00BF     		.align	2
 226              	.L23:
 227 0028 00000000 		.word	hUsbDeviceFS
 228              		.cfi_endproc
 229              	.LFE68:
 231              		.global	USBD_Interface_fops_FS
 232              		.comm	UserTxBufferFS,2048,4
 233              		.comm	UserRxBufferFS,2048,4
 234              		.section	.data.USBD_Interface_fops_FS,"aw",%progbits
 235              		.align	2
 238              	USBD_Interface_fops_FS:
 239 0000 00000000 		.word	CDC_Init_FS
 240 0004 00000000 		.word	CDC_DeInit_FS
 241 0008 00000000 		.word	CDC_Control_FS
 242 000c 00000000 		.word	CDC_Receive_FS
 243              		.text
 244              	.Letext0:
 245              		.file 2 "/home/icdu/opt/gcc-arm-none-eabi-6-2017-q2-update/arm-none-eabi/include/machine/_default_
 246              		.file 3 "/home/icdu/opt/gcc-arm-none-eabi-6-2017-q2-update/arm-none-eabi/include/sys/lock.h"
 247              		.file 4 "/home/icdu/opt/gcc-arm-none-eabi-6-2017-q2-update/arm-none-eabi/include/sys/_types.h"
 248              		.file 5 "/home/icdu/opt/gcc-arm-none-eabi-6-2017-q2-update/lib/gcc/arm-none-eabi/6.3.1/include/std
 249              		.file 6 "/home/icdu/opt/gcc-arm-none-eabi-6-2017-q2-update/arm-none-eabi/include/sys/reent.h"
 250              		.file 7 "/home/icdu/opt/gcc-arm-none-eabi-6-2017-q2-update/arm-none-eabi/include/sys/_stdint.h"
 251              		.file 8 "/home/icdu/opt/gcc-arm-none-eabi-6-2017-q2-update/arm-none-eabi/include/stdlib.h"
 252              		.file 9 "Drivers/CMSIS/Include/core_cm3.h"
 253              		.file 10 "Drivers/CMSIS/Device/ST/STM32F1xx/Include/system_stm32f1xx.h"
 254              		.file 11 "Drivers/CMSIS/Device/ST/STM32F1xx/Include/stm32f103xb.h"
 255              		.file 12 "Middlewares/ST/STM32_USB_Device_Library/Core/Inc/usbd_def.h"
 256              		.file 13 "Middlewares/ST/STM32_USB_Device_Library/Class/CDC/Inc/usbd_cdc.h"
 257              		.file 14 "Inc/usbd_cdc_if.h"
 258              		.file 15 "Drivers/STM32F1xx_HAL_Driver/Inc/stm32f1xx_hal_gpio.h"
ARM GAS  /tmp/cc5vLnn4.s 			page 11


DEFINED SYMBOLS
                            *ABS*:0000000000000000 usbd_cdc_if.c
     /tmp/cc5vLnn4.s:16     .text.CDC_DeInit_FS:0000000000000000 $t
     /tmp/cc5vLnn4.s:22     .text.CDC_DeInit_FS:0000000000000000 CDC_DeInit_FS
     /tmp/cc5vLnn4.s:37     .text.CDC_Control_FS:0000000000000000 $t
     /tmp/cc5vLnn4.s:43     .text.CDC_Control_FS:0000000000000000 CDC_Control_FS
     /tmp/cc5vLnn4.s:59     .text.CDC_Receive_FS:0000000000000000 $t
     /tmp/cc5vLnn4.s:65     .text.CDC_Receive_FS:0000000000000000 CDC_Receive_FS
     /tmp/cc5vLnn4.s:126    .text.CDC_Receive_FS:0000000000000040 $d
     /tmp/cc5vLnn4.s:132    .text.CDC_Init_FS:0000000000000000 $t
     /tmp/cc5vLnn4.s:138    .text.CDC_Init_FS:0000000000000000 CDC_Init_FS
     /tmp/cc5vLnn4.s:167    .text.CDC_Init_FS:000000000000001c $d
                            *COM*:0000000000000800 UserTxBufferFS
                            *COM*:0000000000000800 UserRxBufferFS
     /tmp/cc5vLnn4.s:174    .text.CDC_Transmit_FS:0000000000000000 $t
     /tmp/cc5vLnn4.s:181    .text.CDC_Transmit_FS:0000000000000000 CDC_Transmit_FS
     /tmp/cc5vLnn4.s:227    .text.CDC_Transmit_FS:0000000000000028 $d
     /tmp/cc5vLnn4.s:238    .data.USBD_Interface_fops_FS:0000000000000000 USBD_Interface_fops_FS
     /tmp/cc5vLnn4.s:235    .data.USBD_Interface_fops_FS:0000000000000000 $d
                     .debug_frame:0000000000000010 $d

UNDEFINED SYMBOLS
USBD_CDC_SetRxBuffer
USBD_CDC_ReceivePacket
HAL_GPIO_WritePin
hUsbDeviceFS
USBD_CDC_SetTxBuffer
USBD_CDC_TransmitPacket
